{"name": "test_order_flow[\\u0418\\u0432\\u0430\\u043d-\\u0418\\u0432\\u0430\\u043d\\u043e\\u0432-\\u041c\\u043e\\u0441\\u043a\\u0432\\u0430, \\u0443\\u043b\\u0438\\u0446\\u0430 \\u041b\\u0435\\u043d\\u0438\\u043d\\u0430, \\u0434. 1-+71234567890-None]", "status": "broken", "statusDetails": {"message": "selenium.common.exceptions.TimeoutException: Message: \nStacktrace:\nRemoteError@chrome://remote/content/shared/RemoteError.sys.mjs:8:8\nWebDriverError@chrome://remote/content/shared/webdriver/Errors.sys.mjs:193:5\nNoSuchElementError@chrome://remote/content/shared/webdriver/Errors.sys.mjs:511:5\ndom.find/</<@chrome://remote/content/shared/DOM.sys.mjs:136:16", "trace": "driver = <selenium.webdriver.firefox.webdriver.WebDriver (session=\"3a184e94-e379-4010-8ba8-744f6bf3574c\")>, main_page = <page_objects.main_page.MainPage object at 0x0000017D4AC63390>\norder_page = <page_objects.order_page.OrderPage object at 0x0000017D4AC66900>, name = 'Иван', surname = 'Иванов', address = 'Москва, улица Ленина, д. 1', phone = '+71234567890', metro_station = None\n\n    @pytest.mark.parametrize(\"name, surname, address, phone, metro_station\", [\n        (\"Иван\", \"Иванов\", \"Москва, улица Ленина, д. 1\", \"+71234567890\", None),  # Берём первую станцию\n        (\"Пётр\", \"Петров\", \"Москва, улица Пушкина, д. 2\", \"+79876543210\", \"Киевская\")  # Выбираем конкретную станцию\n    ])\n    def test_order_flow(driver, main_page, order_page, name, surname, address, phone, metro_station):\n        # Кликаем по кнопке \"Заказать\" (для верхней кнопки)\n        main_page.click_order_button(position='top')\n    \n        # Заполняем форму заказа и выбираем станцию метро\n        order_page.fill_order_form(name, surname, address, phone, metro_station)\n    \n        # Нажимаем кнопку \"Далее\"\n>       order_page.submit_order()\n\ntests\\test_order.py:19: \n_ _ _ _ _ _ _ _ _ _ _ _ _ _ _ _ _ _ _ _ _ _ _ _ _ _ _ _ _ _ _ _ _ _ _ _ _ _ _ _ _ _ _ _ _ _ _ _ _ _ _ _ _ _ _ _ _ _ _ _ _ _ _ _ _ _ _ _ _ _ _ _ _ _ _ _ _ _ _ _ _ _ _ _ _ _ _ _ _ _ _ _ _ _ _ _ _ _ _ _ _ _ _ _\npage_objects\\order_page.py:58: in submit_order\n    submit_button = self.wait.until(EC.element_to_be_clickable((By.CSS_SELECTOR, \"Button_Button__ra12g Button_Middle__1CSJM\")))\n_ _ _ _ _ _ _ _ _ _ _ _ _ _ _ _ _ _ _ _ _ _ _ _ _ _ _ _ _ _ _ _ _ _ _ _ _ _ _ _ _ _ _ _ _ _ _ _ _ _ _ _ _ _ _ _ _ _ _ _ _ _ _ _ _ _ _ _ _ _ _ _ _ _ _ _ _ _ _ _ _ _ _ _ _ _ _ _ _ _ _ _ _ _ _ _ _ _ _ _ _ _ _ _\n\nself = <selenium.webdriver.support.wait.WebDriverWait (session=\"3a184e94-e379-4010-8ba8-744f6bf3574c\")>, method = <function element_to_be_clickable.<locals>._predicate at 0x0000017D4AD31A80>, message = ''\n\n    def until(self, method: Callable[[D], Union[Literal[False], T]], message: str = \"\") -> T:\n        \"\"\"Calls the method provided with the driver as an argument until the \\\n        return value does not evaluate to ``False``.\n    \n        :param method: callable(WebDriver)\n        :param message: optional message for :exc:`TimeoutException`\n        :returns: the result of the last call to `method`\n        :raises: :exc:`selenium.common.exceptions.TimeoutException` if timeout occurs\n        \"\"\"\n        screen = None\n        stacktrace = None\n    \n        end_time = time.monotonic() + self._timeout\n        while True:\n            try:\n                value = method(self._driver)\n                if value:\n                    return value\n            except self._ignored_exceptions as exc:\n                screen = getattr(exc, \"screen\", None)\n                stacktrace = getattr(exc, \"stacktrace\", None)\n            if time.monotonic() > end_time:\n                break\n            time.sleep(self._poll)\n>       raise TimeoutException(message, screen, stacktrace)\nE       selenium.common.exceptions.TimeoutException: Message: \nE       Stacktrace:\nE       RemoteError@chrome://remote/content/shared/RemoteError.sys.mjs:8:8\nE       WebDriverError@chrome://remote/content/shared/webdriver/Errors.sys.mjs:193:5\nE       NoSuchElementError@chrome://remote/content/shared/webdriver/Errors.sys.mjs:511:5\nE       dom.find/</<@chrome://remote/content/shared/DOM.sys.mjs:136:16\n\n.venv\\Lib\\site-packages\\selenium\\webdriver\\support\\wait.py:105: TimeoutException"}, "parameters": [{"name": "name", "value": "'Иван'"}, {"name": "surname", "value": "'Иванов'"}, {"name": "address", "value": "'Москва, улица Ленина, д. 1'"}, {"name": "phone", "value": "'+71234567890'"}, {"name": "metro_station", "value": "None"}], "start": 1732914440785, "stop": 1732914451310, "uuid": "5bf9daf1-619a-410f-b219-402bb7e079ac", "historyId": "53211477651eefca35924df8bc53f1a8", "testCaseId": "9df31a62ef560a0c9f3608aea222d388", "fullName": "tests.test_order#test_order_flow", "labels": [{"name": "parentSuite", "value": "tests"}, {"name": "suite", "value": "test_order"}, {"name": "host", "value": "DESKTOP-CDD6FLQ"}, {"name": "thread", "value": "19044-MainThread"}, {"name": "framework", "value": "pytest"}, {"name": "language", "value": "cpython3"}, {"name": "package", "value": "tests.test_order"}]}